# JRE version: OpenJDK Runtime Environment (11.0.2+9) (build 11.0.2+9)
# Java VM: OpenJDK 64-Bit Server VM (11.0.2+9, mixed mode, tiered, compressed oops, parallel gc, windows-amd64)
Heap:
 PSYoungGen      total 23040K, used 0K [0x00000000eab00000, 0x00000000eca00000, 0x0000000100000000)
  eden space 22528K, 0% used [0x00000000eab00000,0x00000000eab00000,0x00000000ec100000)
  from space 512K, 0% used [0x00000000ec300000,0x00000000ec300000,0x00000000ec380000)
  to   space 2560K, 0% used [0x00000000ec780000,0x00000000ec780000,0x00000000eca00000)
 ParOldGen       total 68608K, used 24524K [0x00000000c0000000, 0x00000000c4300000, 0x00000000eab00000)
  object space 68608K, 35% used [0x00000000c0000000,0x00000000c17f3218,0x00000000c4300000)
 Metaspace       used 33579K, capacity 35410K, committed 35496K, reserved 1081344K
  class space    used 3155K, capacity 3837K, committed 3840K, reserved 1048576K
GC Heap History (10 events):
Event: 15.729 GC heap before
{Heap before GC invocations=9 (full 1):
 PSYoungGen      total 30720K, used 30695K [0x00000000eab00000, 0x00000000ed480000, 0x0000000100000000)
  eden space 24064K, 100% used [0x00000000eab00000,0x00000000ec280000,0x00000000ec280000)
  from space 6656K, 99% used [0x00000000ec380000,0x00000000ec9f9f78,0x00000000eca00000)
  to   space 9216K, 0% used [0x00000000ecb80000,0x00000000ecb80000,0x00000000ed480000)
 ParOldGen       total 68608K, used 11126K [0x00000000c0000000, 0x00000000c4300000, 0x00000000eab00000)
  object space 68608K, 16% used [0x00000000c0000000,0x00000000c0addb40,0x00000000c4300000)
 Metaspace       used 31257K, capacity 32876K, committed 32944K, reserved 1079296K
  class space    used 2982K, capacity 3542K, committed 3584K, reserved 1048576K
}
Event: 15.806 GC heap after
{Heap after GC invocations=9 (full 1):
 PSYoungGen      total 30720K, used 7058K [0x00000000eab00000, 0x00000000ed280000, 0x0000000100000000)
  eden space 23552K, 0% used [0x00000000eab00000,0x00000000eab00000,0x00000000ec200000)
  from space 7168K, 98% used [0x00000000ecb80000,0x00000000ed264b28,0x00000000ed280000)
  to   space 7680K, 0% used [0x00000000ec380000,0x00000000ec380000,0x00000000ecb00000)
 ParOldGen       total 68608K, used 12982K [0x00000000c0000000, 0x00000000c4300000, 0x00000000eab00000)
  object space 68608K, 18% used [0x00000000c0000000,0x00000000c0cadae0,0x00000000c4300000)
 Metaspace       used 31257K, capacity 32876K, committed 32944K, reserved 1079296K
  class space    used 2982K, capacity 3542K, committed 3584K, reserved 1048576K
}
Event: 16.153 GC heap before
{Heap before GC invocations=10 (full 1):
 PSYoungGen      total 30720K, used 30610K [0x00000000eab00000, 0x00000000ed280000, 0x0000000100000000)
  eden space 23552K, 100% used [0x00000000eab00000,0x00000000ec200000,0x00000000ec200000)
  from space 7168K, 98% used [0x00000000ecb80000,0x00000000ed264b28,0x00000000ed280000)
  to   space 7680K, 0% used [0x00000000ec380000,0x00000000ec380000,0x00000000ecb00000)
 ParOldGen       total 68608K, used 12982K [0x00000000c0000000, 0x00000000c4300000, 0x00000000eab00000)
  object space 68608K, 18% used [0x00000000c0000000,0x00000000c0cadae0,0x00000000c4300000)
 Metaspace       used 31257K, capacity 32876K, committed 32944K, reserved 1079296K
  class space    used 2982K, capacity 3542K, committed 3584K, reserved 1048576K
}
Event: 16.175 GC heap after
{Heap after GC invocations=10 (full 1):
 PSYoungGen      total 29184K, used 6016K [0x00000000eab00000, 0x00000000ece80000, 0x0000000100000000)
  eden space 23040K, 0% used [0x00000000eab00000,0x00000000eab00000,0x00000000ec180000)
  from space 6144K, 97% used [0x00000000ec380000,0x00000000ec960010,0x00000000ec980000)
  to   space 5120K, 0% used [0x00000000ec980000,0x00000000ec980000,0x00000000ece80000)
 ParOldGen       total 68608K, used 16041K [0x00000000c0000000, 0x00000000c4300000, 0x00000000eab00000)
  object space 68608K, 23% used [0x00000000c0000000,0x00000000c0faa5f8,0x00000000c4300000)
 Metaspace       used 31257K, capacity 32876K, committed 32944K, reserved 1079296K
  class space    used 2982K, capacity 3542K, committed 3584K, reserved 1048576K
}
Event: 148.151 GC heap before
{Heap before GC invocations=11 (full 1):
 PSYoungGen      total 29184K, used 29051K [0x00000000eab00000, 0x00000000ece80000, 0x0000000100000000)
  eden space 23040K, 99% used [0x00000000eab00000,0x00000000ec17ef90,0x00000000ec180000)
  from space 6144K, 97% used [0x00000000ec380000,0x00000000ec960010,0x00000000ec980000)
  to   space 5120K, 0% used [0x00000000ec980000,0x00000000ec980000,0x00000000ece80000)
 ParOldGen       total 68608K, used 16041K [0x00000000c0000000, 0x00000000c4300000, 0x00000000eab00000)
  object space 68608K, 23% used [0x00000000c0000000,0x00000000c0faa5f8,0x00000000c4300000)
 Metaspace       used 32586K, capacity 34450K, committed 34736K, reserved 1081344K
  class space    used 3080K, capacity 3773K, committed 3840K, reserved 1048576K
}
Event: 148.166 GC heap after
{Heap after GC invocations=11 (full 1):
 PSYoungGen      total 27136K, used 4565K [0x00000000eab00000, 0x00000000ece00000, 0x0000000100000000)
  eden space 22528K, 0% used [0x00000000eab00000,0x00000000eab00000,0x00000000ec100000)
  from space 4608K, 99% used [0x00000000ec980000,0x00000000ecdf5758,0x00000000ece00000)
  to   space 5632K, 0% used [0x00000000ec300000,0x00000000ec300000,0x00000000ec880000)
 ParOldGen       total 68608K, used 20009K [0x00000000c0000000, 0x00000000c4300000, 0x00000000eab00000)
  object space 68608K, 29% used [0x00000000c0000000,0x00000000c138a608,0x00000000c4300000)
 Metaspace       used 32586K, capacity 34450K, committed 34736K, reserved 1081344K
  class space    used 3080K, capacity 3773K, committed 3840K, reserved 1048576K
}
Event: 148.502 GC heap before
{Heap before GC invocations=12 (full 1):
 PSYoungGen      total 27136K, used 7390K [0x00000000eab00000, 0x00000000ece00000, 0x0000000100000000)
  eden space 22528K, 12% used [0x00000000eab00000,0x00000000eadc2460,0x00000000ec100000)
  from space 4608K, 99% used [0x00000000ec980000,0x00000000ecdf5758,0x00000000ece00000)
  to   space 5632K, 0% used [0x00000000ec300000,0x00000000ec300000,0x00000000ec880000)
 ParOldGen       total 68608K, used 20009K [0x00000000c0000000, 0x00000000c4300000, 0x00000000eab00000)
  object space 68608K, 29% used [0x00000000c0000000,0x00000000c138a608,0x00000000c4300000)
 Metaspace       used 33579K, capacity 35410K, committed 35496K, reserved 1081344K
  class space    used 3155K, capacity 3837K, committed 3840K, reserved 1048576K
}
Event: 148.519 GC heap after
{Heap after GC invocations=12 (full 1):
 PSYoungGen      total 23040K, used 432K [0x00000000eab00000, 0x00000000eca00000, 0x0000000100000000)
  eden space 22528K, 0% used [0x00000000eab00000,0x00000000eab00000,0x00000000ec100000)
  from space 512K, 84% used [0x00000000ec300000,0x00000000ec36c218,0x00000000ec380000)
  to   space 2560K, 0% used [0x00000000ec780000,0x00000000ec780000,0x00000000eca00000)
 ParOldGen       total 68608K, used 24516K [0x00000000c0000000, 0x00000000c4300000, 0x00000000eab00000)
  object space 68608K, 35% used [0x00000000c0000000,0x00000000c17f1360,0x00000000c4300000)
 Metaspace       used 33579K, capacity 35410K, committed 35496K, reserved 1081344K
  class space    used 3155K, capacity 3837K, committed 3840K, reserved 1048576K
}
Event: 148.519 GC heap before
{Heap before GC invocations=13 (full 2):
 PSYoungGen      total 23040K, used 432K [0x00000000eab00000, 0x00000000eca00000, 0x0000000100000000)
  eden space 22528K, 0% used [0x00000000eab00000,0x00000000eab00000,0x00000000ec100000)
  from space 512K, 84% used [0x00000000ec300000,0x00000000ec36c218,0x00000000ec380000)
  to   space 2560K, 0% used [0x00000000ec780000,0x00000000ec780000,0x00000000eca00000)
 ParOldGen       total 68608K, used 24516K [0x00000000c0000000, 0x00000000c4300000, 0x00000000eab00000)
  object space 68608K, 35% used [0x00000000c0000000,0x00000000c17f1360,0x00000000c4300000)
 Metaspace       used 33579K, capacity 35410K, committed 35496K, reserved 1081344K
  class space    used 3155K, capacity 3837K, committed 3840K, reserved 1048576K
}
Event: 149.073 GC heap after
{Heap after GC invocations=13 (full 2):
 PSYoungGen      total 23040K, used 0K [0x00000000eab00000, 0x00000000eca00000, 0x0000000100000000)
  eden space 22528K, 0% used [0x00000000eab00000,0x00000000eab00000,0x00000000ec100000)
  from space 512K, 0% used [0x00000000ec300000,0x00000000ec300000,0x00000000ec380000)
  to   space 2560K, 0% used [0x00000000ec780000,0x00000000ec780000,0x00000000eca00000)
 ParOldGen       total 68608K, used 24524K [0x00000000c0000000, 0x00000000c4300000, 0x00000000eab00000)
  object space 68608K, 35% used [0x00000000c0000000,0x00000000c17f3218,0x00000000c4300000)
 Metaspace       used 33579K, capacity 35410K, committed 35496K, reserved 1081344K
  class space    used 3155K, capacity 3837K, committed 3840K, reserved 1048576K
}

